<?xml version="1.0" encoding="UTF-8"?>
<!-- Generated by org.testng.reporters.JUnitXMLReporter -->
<testsuite hostname="DESKTOP-TB2GLL5" ignored="2" name="Default test" tests="1" failures="0" timestamp="20 Jun 2019 11:09:23 GMT" time="2.985" errors="0">
  <testcase name="deleteTweet" time="2.957" classname="com.appname.api.twitter.SampleTest"/>
  <testcase name="getLastTweet" time="0.0" classname="com.appname.api.twitter.SampleTest">
    <ignored/>
  </testcase> <!-- getLastTweet -->
  <testcase name="createTweet" time="0.0" classname="com.appname.api.twitter.SampleTest">
    <ignored/>
  </testcase> <!-- createTweet -->
</testsuite> <!-- Default test -->
