<?xml version="1.0" encoding="UTF-8"?>
<!-- Generated by org.testng.reporters.JUnitXMLReporter -->
<testsuite hostname="DESKTOP-TB2GLL5" ignored="0" name="Default test" tests="3" failures="0" timestamp="28 Apr 2019 16:52:58 GMT" time="19.158" errors="0">
  <testcase name="setData" time="10.644" classname="com.appname.TestNGPrograms.DataProviderRND5"/>
  <testcase name="setData" time="14.988" classname="com.appname.TestNGPrograms.DataProviderRND5"/>
  <testcase name="setData" time="19.112" classname="com.appname.TestNGPrograms.DataProviderRND5"/>
</testsuite> <!-- Default test -->
