<?xml version="1.0" encoding="UTF-8"?>
<testng-results skipped="0" failed="0" ignored="0" total="1" passed="1">
  <reporter-output>
  </reporter-output>
  <suite name="Default suite" duration-ms="10370" started-at="2019-04-03T14:30:26Z" finished-at="2019-04-03T14:30:37Z">
    <groups>
    </groups>
    <test name="Default test" duration-ms="10370" started-at="2019-04-03T14:30:26Z" finished-at="2019-04-03T14:30:37Z">
      <class name="com.appname.seleniumprograms.DragNDropRND">
        <test-method status="PASS" signature="bla()[pri:0, instance:com.appname.seleniumprograms.DragNDropRND@51081592]" name="bla" duration-ms="10346" started-at="2019-04-03T14:30:26Z" finished-at="2019-04-03T14:30:37Z">
          <reporter-output>
          </reporter-output>
        </test-method> <!-- bla -->
      </class> <!-- com.appname.seleniumprograms.DragNDropRND -->
    </test> <!-- Default test -->
  </suite> <!-- Default suite -->
</testng-results>
