<?xml version="1.0" encoding="UTF-8"?>
<testng-results skipped="0" failed="0" ignored="0" total="3" passed="3">
  <reporter-output>
  </reporter-output>
  <suite name="Suite" duration-ms="61" started-at="2019-04-28T17:18:59Z" finished-at="2019-04-28T17:18:59Z">
    <groups>
    </groups>
    <test name="AutomationTest" duration-ms="61" started-at="2019-04-28T17:18:59Z" finished-at="2019-04-28T17:18:59Z">
      <class name="com.appname.TestNGPrograms.DataProviderRND5">
        <test-method status="PASS" signature="beforeSuite()[pri:0, instance:com.appname.TestNGPrograms.DataProviderRND5@59fa1d9b]" name="beforeSuite" is-config="true" duration-ms="8" started-at="2019-04-28T17:18:59Z" finished-at="2019-04-28T17:18:59Z">
          <reporter-output>
          </reporter-output>
        </test-method> <!-- beforeSuite -->
        <test-method status="PASS" signature="beforeTest()[pri:0, instance:com.appname.TestNGPrograms.DataProviderRND5@59fa1d9b]" name="beforeTest" is-config="true" duration-ms="0" started-at="2019-04-28T17:18:59Z" finished-at="2019-04-28T17:18:59Z">
          <reporter-output>
          </reporter-output>
        </test-method> <!-- beforeTest -->
        <test-method status="PASS" signature="beforeClass()[pri:0, instance:com.appname.TestNGPrograms.DataProviderRND5@59fa1d9b]" name="beforeClass" is-config="true" duration-ms="0" started-at="2019-04-28T17:18:59Z" finished-at="2019-04-28T17:18:59Z">
          <reporter-output>
          </reporter-output>
        </test-method> <!-- beforeClass -->
        <test-method status="PASS" signature="beforeMethod()[pri:0, instance:com.appname.TestNGPrograms.DataProviderRND5@59fa1d9b]" name="beforeMethod" is-config="true" duration-ms="0" started-at="2019-04-28T17:18:59Z" finished-at="2019-04-28T17:18:59Z">
          <reporter-output>
          </reporter-output>
        </test-method> <!-- beforeMethod -->
        <test-method status="PASS" signature="setData(java.util.HashMap)[pri:0, instance:com.appname.TestNGPrograms.DataProviderRND5@59fa1d9b]" name="setData" duration-ms="24" started-at="2019-04-28T17:18:59Z" data-provider="getData" finished-at="2019-04-28T17:18:59Z">
          <params>
            <param index="0">
              <value>
                <![CDATA[{1=[Ritesh, Mansukhani]}]]>
              </value>
            </param>
          </params>
          <reporter-output>
          </reporter-output>
        </test-method> <!-- setData -->
        <test-method status="PASS" signature="afterMethod()[pri:0, instance:com.appname.TestNGPrograms.DataProviderRND5@59fa1d9b]" name="afterMethod" is-config="true" duration-ms="1" started-at="2019-04-28T17:18:59Z" finished-at="2019-04-28T17:18:59Z">
          <reporter-output>
          </reporter-output>
        </test-method> <!-- afterMethod -->
        <test-method status="PASS" signature="beforeMethod()[pri:0, instance:com.appname.TestNGPrograms.DataProviderRND5@59fa1d9b]" name="beforeMethod" is-config="true" duration-ms="1" started-at="2019-04-28T17:18:59Z" finished-at="2019-04-28T17:18:59Z">
          <reporter-output>
          </reporter-output>
        </test-method> <!-- beforeMethod -->
        <test-method status="PASS" signature="setData(java.util.HashMap)[pri:0, instance:com.appname.TestNGPrograms.DataProviderRND5@59fa1d9b]" name="setData" duration-ms="2" started-at="2019-04-28T17:18:59Z" data-provider="getData" finished-at="2019-04-28T17:18:59Z">
          <params>
            <param index="0">
              <value>
                <![CDATA[{1=[Ritesh, Mansukhani]}]]>
              </value>
            </param>
          </params>
          <reporter-output>
          </reporter-output>
        </test-method> <!-- setData -->
        <test-method status="PASS" signature="afterMethod()[pri:0, instance:com.appname.TestNGPrograms.DataProviderRND5@59fa1d9b]" name="afterMethod" is-config="true" duration-ms="1" started-at="2019-04-28T17:18:59Z" finished-at="2019-04-28T17:18:59Z">
          <reporter-output>
          </reporter-output>
        </test-method> <!-- afterMethod -->
        <test-method status="PASS" signature="beforeMethod()[pri:0, instance:com.appname.TestNGPrograms.DataProviderRND5@59fa1d9b]" name="beforeMethod" is-config="true" duration-ms="1" started-at="2019-04-28T17:18:59Z" finished-at="2019-04-28T17:18:59Z">
          <reporter-output>
          </reporter-output>
        </test-method> <!-- beforeMethod -->
        <test-method status="PASS" signature="setData(java.util.HashMap)[pri:0, instance:com.appname.TestNGPrograms.DataProviderRND5@59fa1d9b]" name="setData" duration-ms="2" started-at="2019-04-28T17:18:59Z" data-provider="getData" finished-at="2019-04-28T17:18:59Z">
          <params>
            <param index="0">
              <value>
                <![CDATA[{2=[Ritesh, Mansukhani]}]]>
              </value>
            </param>
          </params>
          <reporter-output>
          </reporter-output>
        </test-method> <!-- setData -->
        <test-method status="PASS" signature="afterMethod()[pri:0, instance:com.appname.TestNGPrograms.DataProviderRND5@59fa1d9b]" name="afterMethod" is-config="true" duration-ms="1" started-at="2019-04-28T17:18:59Z" finished-at="2019-04-28T17:18:59Z">
          <reporter-output>
          </reporter-output>
        </test-method> <!-- afterMethod -->
        <test-method status="PASS" signature="afterClass()[pri:0, instance:com.appname.TestNGPrograms.DataProviderRND5@59fa1d9b]" name="afterClass" is-config="true" duration-ms="0" started-at="2019-04-28T17:18:59Z" finished-at="2019-04-28T17:18:59Z">
          <reporter-output>
          </reporter-output>
        </test-method> <!-- afterClass -->
        <test-method status="PASS" signature="afterTest()[pri:0, instance:com.appname.TestNGPrograms.DataProviderRND5@59fa1d9b]" name="afterTest" is-config="true" duration-ms="0" started-at="2019-04-28T17:18:59Z" finished-at="2019-04-28T17:18:59Z">
          <reporter-output>
          </reporter-output>
        </test-method> <!-- afterTest -->
        <test-method status="PASS" signature="afterSuite()[pri:0, instance:com.appname.TestNGPrograms.DataProviderRND5@59fa1d9b]" name="afterSuite" is-config="true" duration-ms="0" started-at="2019-04-28T17:18:59Z" finished-at="2019-04-28T17:18:59Z">
          <reporter-output>
          </reporter-output>
        </test-method> <!-- afterSuite -->
      </class> <!-- com.appname.TestNGPrograms.DataProviderRND5 -->
    </test> <!-- AutomationTest -->
  </suite> <!-- Suite -->
</testng-results>
